语法

    0 $accept: document $end

    1 document: value

    2 $@1: %empty

    3 object: '{' $@1 '}'

    4 $@2: %empty

    5 object: '{' $@2 key_value_sequence '}'

    6 key_value_sequence: key_value_pair
    7                   | key_value_sequence ',' key_value_pair

    8 $@3: %empty

    9 key_value_pair: TOK_STRING $@3 ':' value

   10 $@4: %empty

   11 array: '[' $@4 ']'

   12 $@5: %empty

   13 array: '[' $@5 array_value_sequence ']'

   14 array_value_sequence: array_value
   15                     | array_value_sequence ',' array_value

   16 array_value: value

   17 value: TOK_STRING
   18      | TOK_NUMBER
   19      | object
   20      | array
   21      | TOK_TRUE
   22      | TOK_FALSE
   23      | TOK_NULL


终结语词，附有它们出现处的规则

    $end (0) 0
    ',' (44) 7 15
    ':' (58) 9
    '[' (91) 11 13
    ']' (93) 11 13
    '{' (123) 3 5
    '}' (125) 3 5
    error (256)
    TOK_STRING (258) 9 17
    TOK_NUMBER (259) 18
    TOK_TRUE (260) 21
    TOK_FALSE (261) 22
    TOK_NULL (262) 23


非终结语词，附有它们出现处的规则

    $accept (14)
        on left: 0
    document (15)
        on left: 1
        on right: 0
    object (16)
        on left: 3 5
        on right: 19
    $@1 (17)
        on left: 2
        on right: 3
    $@2 (18)
        on left: 4
        on right: 5
    key_value_sequence (19)
        on left: 6 7
        on right: 5 7
    key_value_pair (20)
        on left: 9
        on right: 6 7
    $@3 (21)
        on left: 8
        on right: 9
    array (22)
        on left: 11 13
        on right: 20
    $@4 (23)
        on left: 10
        on right: 11
    $@5 (24)
        on left: 12
        on right: 13
    array_value_sequence (25)
        on left: 14 15
        on right: 13 15
    array_value (26)
        on left: 16
        on right: 14 15
    value (27)
        on left: 17 18 19 20 21 22 23
        on right: 1 9 16


状态 0

    0 $accept: . document $end

    TOK_STRING  偏移，并进入状态 1
    TOK_NUMBER  偏移，并进入状态 2
    TOK_TRUE    偏移，并进入状态 3
    TOK_FALSE   偏移，并进入状态 4
    TOK_NULL    偏移，并进入状态 5
    '{'         偏移，并进入状态 6
    '['         偏移，并进入状态 7

    document  转到状态 8
    object    转到状态 9
    array     转到状态 10
    value     转到状态 11


状态 1

   17 value: TOK_STRING .

    $default  使用规则 17 以归约 (value)


状态 2

   18 value: TOK_NUMBER .

    $default  使用规则 18 以归约 (value)


状态 3

   21 value: TOK_TRUE .

    $default  使用规则 21 以归约 (value)


状态 4

   22 value: TOK_FALSE .

    $default  使用规则 22 以归约 (value)


状态 5

   23 value: TOK_NULL .

    $default  使用规则 23 以归约 (value)


状态 6

    3 object: '{' . $@1 '}'
    5       | '{' . $@2 key_value_sequence '}'

    TOK_STRING  使用规则 4 以归约 ($@2)
    $default    使用规则 2 以归约 ($@1)

    $@1  转到状态 12
    $@2  转到状态 13


状态 7

   11 array: '[' . $@4 ']'
   13      | '[' . $@5 array_value_sequence ']'

    ']'       使用规则 10 以归约 ($@4)
    $default  使用规则 12 以归约 ($@5)

    $@4  转到状态 14
    $@5  转到状态 15


状态 8

    0 $accept: document . $end

    $end  偏移，并进入状态 16


状态 9

   19 value: object .

    $default  使用规则 19 以归约 (value)


状态 10

   20 value: array .

    $default  使用规则 20 以归约 (value)


状态 11

    1 document: value .

    $default  使用规则 1 以归约 (document)


状态 12

    3 object: '{' $@1 . '}'

    '}'  偏移，并进入状态 17


状态 13

    5 object: '{' $@2 . key_value_sequence '}'

    TOK_STRING  偏移，并进入状态 18

    key_value_sequence  转到状态 19
    key_value_pair      转到状态 20


状态 14

   11 array: '[' $@4 . ']'

    ']'  偏移，并进入状态 21


状态 15

   13 array: '[' $@5 . array_value_sequence ']'

    TOK_STRING  偏移，并进入状态 1
    TOK_NUMBER  偏移，并进入状态 2
    TOK_TRUE    偏移，并进入状态 3
    TOK_FALSE   偏移，并进入状态 4
    TOK_NULL    偏移，并进入状态 5
    '{'         偏移，并进入状态 6
    '['         偏移，并进入状态 7

    object                转到状态 9
    array                 转到状态 10
    array_value_sequence  转到状态 22
    array_value           转到状态 23
    value                 转到状态 24


状态 16

    0 $accept: document $end .

    $default  接受


状态 17

    3 object: '{' $@1 '}' .

    $default  使用规则 3 以归约 (object)


状态 18

    9 key_value_pair: TOK_STRING . $@3 ':' value

    $default  使用规则 8 以归约 ($@3)

    $@3  转到状态 25


状态 19

    5 object: '{' $@2 key_value_sequence . '}'
    7 key_value_sequence: key_value_sequence . ',' key_value_pair

    '}'  偏移，并进入状态 26
    ','  偏移，并进入状态 27


状态 20

    6 key_value_sequence: key_value_pair .

    $default  使用规则 6 以归约 (key_value_sequence)


状态 21

   11 array: '[' $@4 ']' .

    $default  使用规则 11 以归约 (array)


状态 22

   13 array: '[' $@5 array_value_sequence . ']'
   15 array_value_sequence: array_value_sequence . ',' array_value

    ','  偏移，并进入状态 28
    ']'  偏移，并进入状态 29


状态 23

   14 array_value_sequence: array_value .

    $default  使用规则 14 以归约 (array_value_sequence)


状态 24

   16 array_value: value .

    $default  使用规则 16 以归约 (array_value)


状态 25

    9 key_value_pair: TOK_STRING $@3 . ':' value

    ':'  偏移，并进入状态 30


状态 26

    5 object: '{' $@2 key_value_sequence '}' .

    $default  使用规则 5 以归约 (object)


状态 27

    7 key_value_sequence: key_value_sequence ',' . key_value_pair

    TOK_STRING  偏移，并进入状态 18

    key_value_pair  转到状态 31


状态 28

   15 array_value_sequence: array_value_sequence ',' . array_value

    TOK_STRING  偏移，并进入状态 1
    TOK_NUMBER  偏移，并进入状态 2
    TOK_TRUE    偏移，并进入状态 3
    TOK_FALSE   偏移，并进入状态 4
    TOK_NULL    偏移，并进入状态 5
    '{'         偏移，并进入状态 6
    '['         偏移，并进入状态 7

    object       转到状态 9
    array        转到状态 10
    array_value  转到状态 32
    value        转到状态 24


状态 29

   13 array: '[' $@5 array_value_sequence ']' .

    $default  使用规则 13 以归约 (array)


状态 30

    9 key_value_pair: TOK_STRING $@3 ':' . value

    TOK_STRING  偏移，并进入状态 1
    TOK_NUMBER  偏移，并进入状态 2
    TOK_TRUE    偏移，并进入状态 3
    TOK_FALSE   偏移，并进入状态 4
    TOK_NULL    偏移，并进入状态 5
    '{'         偏移，并进入状态 6
    '['         偏移，并进入状态 7

    object  转到状态 9
    array   转到状态 10
    value   转到状态 33


状态 31

    7 key_value_sequence: key_value_sequence ',' key_value_pair .

    $default  使用规则 7 以归约 (key_value_sequence)


状态 32

   15 array_value_sequence: array_value_sequence ',' array_value .

    $default  使用规则 15 以归约 (array_value_sequence)


状态 33

    9 key_value_pair: TOK_STRING $@3 ':' value .

    $default  使用规则 9 以归约 (key_value_pair)
