终端机在文法中未使用

    VERSION
    ENCODING


语法

    0 $accept: document $end

    1 document: prolog element misc_seq_opt

    2 prolog: XMLDecl_opt misc_seq_opt

    3 $@1: %empty

    4 $@2: %empty

    5 XMLDecl_opt: STARTXMLDECL $@1 attribute_seq_opt $@2 ENDPI
    6            | %empty

    7 misc_seq_opt: misc_seq_opt misc
    8             | %empty

    9 misc: COMMENT
   10     | PI

   11 $@3: %empty

   12 $@4: %empty

   13 PI: STARTPI NAME $@3 attribute_seq_opt $@4 ENDPI

   14 $@5: %empty

   15 element: START $@5 attribute_seq_opt empty_or_content

   16 empty_or_content: SLASH CLOSE

   17 $@6: %empty

   18 empty_or_content: CLOSE $@6 content END name_opt CLOSE

   19 content: content DATA
   20        | content misc

   21 $@7: %empty

   22 content: content $@7 element
   23        | %empty

   24 name_opt: NAME
   25         | %empty

   26 attribute_seq_opt: attribute_seq_opt attribute
   27                  | %empty

   28 attribute: NAME EQ VALUE


终结语词，附有它们出现处的规则

    $end (0) 0
    error (256)
    STARTXMLDECL (258) 5
    VERSION (259)
    STARTPI (260) 13
    ENDPI (261) 5 13
    EQ (262) 28
    SLASH (263) 16
    CLOSE (264) 16 18
    END (265) 18
    ENCODING <s> (266)
    NAME <s> (267) 13 24 28
    VALUE <s> (268) 28
    DATA <s> (269) 19
    COMMENT <s> (270) 9
    START <s> (271) 15


非终结语词，附有它们出现处的规则

    $accept (17)
        on left: 0
    document (18)
        on left: 1
        on right: 0
    prolog (19)
        on left: 2
        on right: 1
    XMLDecl_opt (20)
        on left: 5 6
        on right: 2
    $@1 (21)
        on left: 3
        on right: 5
    $@2 (22)
        on left: 4
        on right: 5
    misc_seq_opt (23)
        on left: 7 8
        on right: 1 2 7
    misc (24)
        on left: 9 10
        on right: 7 20
    PI (25)
        on left: 13
        on right: 10
    $@3 (26)
        on left: 11
        on right: 13
    $@4 (27)
        on left: 12
        on right: 13
    element (28)
        on left: 15
        on right: 1 22
    $@5 (29)
        on left: 14
        on right: 15
    empty_or_content (30)
        on left: 16 18
        on right: 15
    $@6 (31)
        on left: 17
        on right: 18
    content (32)
        on left: 19 20 22 23
        on right: 18 19 20 22
    $@7 (33)
        on left: 21
        on right: 22
    name_opt <s> (34)
        on left: 24 25
        on right: 18
    attribute_seq_opt (35)
        on left: 26 27
        on right: 5 13 15 26
    attribute (36)
        on left: 28
        on right: 26


状态 0

    0 $accept: . document $end

    STARTXMLDECL  偏移，并进入状态 1

    $default  使用规则 6 以归约 (XMLDecl_opt)

    document     转到状态 2
    prolog       转到状态 3
    XMLDecl_opt  转到状态 4


状态 1

    5 XMLDecl_opt: STARTXMLDECL . $@1 attribute_seq_opt $@2 ENDPI

    $default  使用规则 3 以归约 ($@1)

    $@1  转到状态 5


状态 2

    0 $accept: document . $end

    $end  偏移，并进入状态 6


状态 3

    1 document: prolog . element misc_seq_opt

    START  偏移，并进入状态 7

    element  转到状态 8


状态 4

    2 prolog: XMLDecl_opt . misc_seq_opt

    $default  使用规则 8 以归约 (misc_seq_opt)

    misc_seq_opt  转到状态 9


状态 5

    5 XMLDecl_opt: STARTXMLDECL $@1 . attribute_seq_opt $@2 ENDPI

    $default  使用规则 27 以归约 (attribute_seq_opt)

    attribute_seq_opt  转到状态 10


状态 6

    0 $accept: document $end .

    $default  接受


状态 7

   15 element: START . $@5 attribute_seq_opt empty_or_content

    $default  使用规则 14 以归约 ($@5)

    $@5  转到状态 11


状态 8

    1 document: prolog element . misc_seq_opt

    $default  使用规则 8 以归约 (misc_seq_opt)

    misc_seq_opt  转到状态 12


状态 9

    2 prolog: XMLDecl_opt misc_seq_opt .
    7 misc_seq_opt: misc_seq_opt . misc

    STARTPI  偏移，并进入状态 13
    COMMENT  偏移，并进入状态 14

    $default  使用规则 2 以归约 (prolog)

    misc  转到状态 15
    PI    转到状态 16


状态 10

    5 XMLDecl_opt: STARTXMLDECL $@1 attribute_seq_opt . $@2 ENDPI
   26 attribute_seq_opt: attribute_seq_opt . attribute

    NAME  偏移，并进入状态 17

    $default  使用规则 4 以归约 ($@2)

    $@2        转到状态 18
    attribute  转到状态 19


状态 11

   15 element: START $@5 . attribute_seq_opt empty_or_content

    $default  使用规则 27 以归约 (attribute_seq_opt)

    attribute_seq_opt  转到状态 20


状态 12

    1 document: prolog element misc_seq_opt .
    7 misc_seq_opt: misc_seq_opt . misc

    STARTPI  偏移，并进入状态 13
    COMMENT  偏移，并进入状态 14

    $default  使用规则 1 以归约 (document)

    misc  转到状态 15
    PI    转到状态 16


状态 13

   13 PI: STARTPI . NAME $@3 attribute_seq_opt $@4 ENDPI

    NAME  偏移，并进入状态 21


状态 14

    9 misc: COMMENT .

    $default  使用规则 9 以归约 (misc)


状态 15

    7 misc_seq_opt: misc_seq_opt misc .

    $default  使用规则 7 以归约 (misc_seq_opt)


状态 16

   10 misc: PI .

    $default  使用规则 10 以归约 (misc)


状态 17

   28 attribute: NAME . EQ VALUE

    EQ  偏移，并进入状态 22


状态 18

    5 XMLDecl_opt: STARTXMLDECL $@1 attribute_seq_opt $@2 . ENDPI

    ENDPI  偏移，并进入状态 23


状态 19

   26 attribute_seq_opt: attribute_seq_opt attribute .

    $default  使用规则 26 以归约 (attribute_seq_opt)


状态 20

   15 element: START $@5 attribute_seq_opt . empty_or_content
   26 attribute_seq_opt: attribute_seq_opt . attribute

    SLASH  偏移，并进入状态 24
    CLOSE  偏移，并进入状态 25
    NAME   偏移，并进入状态 17

    empty_or_content  转到状态 26
    attribute         转到状态 19


状态 21

   13 PI: STARTPI NAME . $@3 attribute_seq_opt $@4 ENDPI

    $default  使用规则 11 以归约 ($@3)

    $@3  转到状态 27


状态 22

   28 attribute: NAME EQ . VALUE

    VALUE  偏移，并进入状态 28


状态 23

    5 XMLDecl_opt: STARTXMLDECL $@1 attribute_seq_opt $@2 ENDPI .

    $default  使用规则 5 以归约 (XMLDecl_opt)


状态 24

   16 empty_or_content: SLASH . CLOSE

    CLOSE  偏移，并进入状态 29


状态 25

   18 empty_or_content: CLOSE . $@6 content END name_opt CLOSE

    $default  使用规则 17 以归约 ($@6)

    $@6  转到状态 30


状态 26

   15 element: START $@5 attribute_seq_opt empty_or_content .

    $default  使用规则 15 以归约 (element)


状态 27

   13 PI: STARTPI NAME $@3 . attribute_seq_opt $@4 ENDPI

    $default  使用规则 27 以归约 (attribute_seq_opt)

    attribute_seq_opt  转到状态 31


状态 28

   28 attribute: NAME EQ VALUE .

    $default  使用规则 28 以归约 (attribute)


状态 29

   16 empty_or_content: SLASH CLOSE .

    $default  使用规则 16 以归约 (empty_or_content)


状态 30

   18 empty_or_content: CLOSE $@6 . content END name_opt CLOSE

    $default  使用规则 23 以归约 (content)

    content  转到状态 32


状态 31

   13 PI: STARTPI NAME $@3 attribute_seq_opt . $@4 ENDPI
   26 attribute_seq_opt: attribute_seq_opt . attribute

    NAME  偏移，并进入状态 17

    $default  使用规则 12 以归约 ($@4)

    $@4        转到状态 33
    attribute  转到状态 19


状态 32

   18 empty_or_content: CLOSE $@6 content . END name_opt CLOSE
   19 content: content . DATA
   20        | content . misc
   22        | content . $@7 element

    STARTPI  偏移，并进入状态 13
    END      偏移，并进入状态 34
    DATA     偏移，并进入状态 35
    COMMENT  偏移，并进入状态 14

    $default  使用规则 21 以归约 ($@7)

    misc  转到状态 36
    PI    转到状态 16
    $@7   转到状态 37


状态 33

   13 PI: STARTPI NAME $@3 attribute_seq_opt $@4 . ENDPI

    ENDPI  偏移，并进入状态 38


状态 34

   18 empty_or_content: CLOSE $@6 content END . name_opt CLOSE

    NAME  偏移，并进入状态 39

    $default  使用规则 25 以归约 (name_opt)

    name_opt  转到状态 40


状态 35

   19 content: content DATA .

    $default  使用规则 19 以归约 (content)


状态 36

   20 content: content misc .

    $default  使用规则 20 以归约 (content)


状态 37

   22 content: content $@7 . element

    START  偏移，并进入状态 7

    element  转到状态 41


状态 38

   13 PI: STARTPI NAME $@3 attribute_seq_opt $@4 ENDPI .

    $default  使用规则 13 以归约 (PI)


状态 39

   24 name_opt: NAME .

    $default  使用规则 24 以归约 (name_opt)


状态 40

   18 empty_or_content: CLOSE $@6 content END name_opt . CLOSE

    CLOSE  偏移，并进入状态 42


状态 41

   22 content: content $@7 element .

    $default  使用规则 22 以归约 (content)


状态 42

   18 empty_or_content: CLOSE $@6 content END name_opt CLOSE .

    $default  使用规则 18 以归约 (empty_or_content)
