语法

    0 $accept: init $end

    1 init: init FB_Decl
    2     | init Func_Decl
    3     | init Tag_Decl
    4     | %empty

    5 Var_Decl_Init: Variable_List ':' Simple_Spec_Init

    6 Variable_List: Variable_Name Zom_Separated_Variable_Name

    7 Zom_Separated_Variable_Name: Zom_Separated_Variable_Name ',' Variable_Name
    8                            | %empty

    9 Variable_Name: TOK_IDENTIFIER

   10 Simple_Spec_Init: Simple_Spec

   11 Simple_Spec: Elem_Type_Name

   12 Elem_Type_Name: Numeric_Type_Name

   13 Numeric_Type_Name: Int_Type_Name
   14                  | DInt_Type_Name
   15                  | Real_Type_Name
   16                  | Bool_Type_Name

   17 Int_Type_Name: Sign_Int_Type_Name

   18 Sign_Int_Type_Name: "Int"

   19 DInt_Type_Name: Sign_DInt_Type_Name

   20 Sign_DInt_Type_Name: "DInt"

   21 Real_Type_Name: "Real"

   22 Bool_Type_Name: "Bool"

   23 Opt_Assignment: ":=" Constant
   24               | %empty

   25 Derived_FB_Name: TOK_IDENTIFIER

   26 FB_Decl: "FUNCTION_BLOCK" Derived_FB_Name Version_Label Zom_FB_General_Var_Decls FB_Body "END_FUNCTION_BLOCK"

   27 Version_Label: "VERSION" ':' TOK_VERSION_VALUE

   28 Zom_FB_General_Var_Decls: Zom_FB_General_Var_Decls FB_General_Var_Decl
   29                         | %empty

   30 FB_General_Var_Decl: FB_IO_Var_Decls
   31                    | FB_Static_Decls
   32                    | Temp_Decls
   33                    | Constant_Decls

   34 FB_IO_Var_Decls: FB_Input_Decls
   35                | FB_Output_Decls
   36                | FB_Inout_Decls

   37 FB_Input_Decls: "VAR_INPUT" Zom_FB_Input_Decl "END_VAR"

   38 Zom_FB_Input_Decl: Zom_FB_Input_Decl FB_Input_Decl ';'
   39                  | %empty

   40 FB_Input_Decl: Var_Decl_Init Opt_Assignment

   41 FB_Output_Decls: "VAR_OUTPUT" Zom_FB_Output_Decl "END_VAR"

   42 Zom_FB_Output_Decl: Zom_FB_Output_Decl FB_Output_Decl ';'
   43                   | %empty

   44 FB_Output_Decl: Var_Decl_Init Opt_Assignment

   45 FB_Inout_Decls: "VAR_IN_OUT" Zom_FB_Inout_Decl "END_VAR"

   46 Zom_FB_Inout_Decl: Zom_FB_Inout_Decl FB_Inout_Decl ';'
   47                  | %empty

   48 FB_Inout_Decl: Var_Decl_Init Opt_Assignment

   49 FB_Static_Decls: "VAR" Zom_FB_Static_Decl "END_VAR"

   50 Zom_FB_Static_Decl: Zom_FB_Static_Decl FB_Static_Decl ';'
   51                   | %empty

   52 FB_Static_Decl: Var_Decl_Init Opt_Assignment

   53 FB_Body: "BEGIN" Zom_IL_Network

   54 Func_Decl: "FUNCTION" Derived_Func_Name ':' Func_Return_Value Version_Label Zom_Func_General_Var_Decls Func_Body "END_FUNCTION"

   55 Derived_Func_Name: TOK_IDENTIFIER

   56 Func_Return_Value: "Void"
   57                  | Simple_Spec

   58 Zom_Func_General_Var_Decls: Zom_Func_General_Var_Decls Func_General_Var_Decl
   59                           | %empty

   60 Func_General_Var_Decl: IO_Var_Decls
   61                      | Temp_Decls
   62                      | Constant_Decls

   63 IO_Var_Decls: Input_Decls
   64             | Output_Decls
   65             | Inout_Decls

   66 Input_Decls: "VAR_INPUT" Zom_Input_Decl "END_VAR"

   67 Zom_Input_Decl: Zom_Input_Decl Input_Decl ';'
   68               | %empty

   69 Input_Decl: Var_Decl_Init

   70 Inout_Decls: "VAR_IN_OUT" Zom_Inout_Decl "END_VAR"

   71 Zom_Inout_Decl: Zom_Inout_Decl Inout_Decl ';'
   72               | %empty

   73 Inout_Decl: Var_Decl_Init

   74 Output_Decls: "VAR_OUTPUT" Zom_Output_Decl "END_VAR"

   75 Zom_Output_Decl: Zom_Output_Decl Output_Decl ';'
   76                | %empty

   77 Output_Decl: Var_Decl_Init

   78 Temp_Decls: "VAR_TEMP" Zom_Temp_Decl "END_VAR"

   79 Zom_Temp_Decl: Zom_Temp_Decl Temp_Decl ';'
   80              | %empty

   81 Temp_Decl: Var_Decl_Init

   82 Constant_Decls: "VAR CONSTANT" Zom_Constant_Decl "END_VAR"

   83 Zom_Constant_Decl: Zom_Constant_Decl Constant_Decl ';'
   84                  | %empty

   85 Constant_Decl: Var_Decl_Init Opt_Assignment

   86 Func_Body: "BEGIN" Zom_IL_Network

   87 Zom_IL_Network: Zom_IL_Network IL_Network
   88               | %empty

   89 IL_Network: "NETWORK" "TITLE" "=" Opt_TITLE_VALUE Opt_Instruction_List

   90 Opt_TITLE_VALUE: TOK_TITLE_VALUE
   91                | %empty

   92 Opt_Instruction_List: Instruction_List
   93                     | %empty

   94 Instruction_List: Oom_IL_Instruction

   95 Oom_IL_Instruction: Oom_IL_Instruction IL_Instruction
   96                   | IL_Instruction

   97 IL_Instruction: Opt_Label Instruction ';'

   98 Opt_Label: IL_Label
   99          | %empty

  100 IL_Label: TOK_LABEL

  101 Instruction: IL_Simple_Operation
  102            | IL_Invocation

  103 IL_Simple_Operation: IL_Simple_Operator Opt_Operand

  104 Opt_Operand: IL_Operand
  105            | %empty

  106 IL_Simple_Operator: "L"
  107                   | "T"
  108                   | "NOP"
  109                   | "+"
  110                   | "+I"
  111                   | "-I"
  112                   | "*I"
  113                   | "/I"
  114                   | "==I"
  115                   | "<>I"
  116                   | ">I"
  117                   | "<I"
  118                   | ">=I"
  119                   | "<=I"
  120                   | "+R"
  121                   | "-R"
  122                   | "*R"
  123                   | "/R"
  124                   | "==R"
  125                   | "<>R"
  126                   | ">R"
  127                   | "<R"
  128                   | ">=R"
  129                   | "<=R"
  130                   | "+D"
  131                   | "-D"
  132                   | "*D"
  133                   | "/D"
  134                   | "==D"
  135                   | "<>D"
  136                   | ">D"
  137                   | "<D"
  138                   | ">=D"
  139                   | "<=D"
  140                   | "A"
  141                   | "AN"
  142                   | "O"
  143                   | "ON"
  144                   | "X"
  145                   | "XN"
  146                   | "A("
  147                   | "AN("
  148                   | "O("
  149                   | "ON("
  150                   | "X("
  151                   | "XN("
  152                   | ")"
  153                   | "="
  154                   | "SET"
  155                   | "CLR"
  156                   | "S"
  157                   | "R"
  158                   | "NOT"
  159                   | "JU"
  160                   | "JC"
  161                   | "JCN"

  162 IL_Operand: Constant
  163           | Variable_Access

  164 Variable_Access: '#' Variable_Name
  165                | Variable_Name

  166 Constant: TOK_INT_LITERAL
  167         | TOK_BOOL_LITERAL
  168         | TOK_REAL_LITERAL

  169 IL_Invocation: Call Callee_Name Opt_Data_Block Opt_Param_List

  170 Call: "CALL"

  171 Callee_Name: Derived_Func_Name

  172 Opt_Param_List: '(' Oom_Param_Assignment ")"
  173               | %empty

  174 Oom_Param_Assignment: Oom_Param_Assignment ',' Param_Assignment
  175                     | Param_Assignment

  176 Param_Assignment: Variable_Name ":=" IL_Operand

  177 Opt_Data_Block: ',' Variable_Name
  178               | %empty

  179 Tag_Decl: "TAG" Opt_Tag_List "END_TAG"

  180 Opt_Tag_List: Tag_List
  181             | %empty

  182 Tag_List: Tag_List Variable_Name Simple_Spec_Init
  183         | Variable_Name Simple_Spec_Init


终结语词，附有它们出现处的规则

    $end (0) 0
    '#' (35) 164
    '(' (40) 172
    ',' (44) 7 174 177
    ':' (58) 5 27 54
    ';' (59) 38 42 46 50 67 71 75 79 83 97
    error (256)
    "VERSION" (258) 27
    "BEGIN" (259) 53 86
    "FUNCTION_BLOCK" (260) 26
    "END_FUNCTION_BLOCK" (261) 26
    "FUNCTION" (262) 54
    "END_FUNCTION" (263) 54
    "VAR_INPUT" (264) 37 66
    "VAR_IN_OUT" (265) 45 70
    "VAR_OUTPUT" (266) 41 74
    "VAR" (267) 49
    "VAR_TEMP" (268) 78
    "VAR CONSTANT" (269) 82
    "END_VAR" (270) 37 41 45 49 66 70 74 78 82
    "NETWORK" (271) 89
    "TITLE" (272) 89
    "TAG" (273) 179
    "END_TAG" (274) 179
    "Int" (275) 18
    "DInt" (276) 20
    "Real" (277) 21
    "Bool" (278) 22
    "Void" (279) 56
    "L" (280) 106
    "T" (281) 107
    "CALL" (282) 170
    "NOP" (283) 108
    "SET" (284) 154
    "CLR" (285) 155
    "S" (286) 156
    "R" (287) 157
    "NOT" (288) 158
    "A" (289) 140
    "AN" (290) 141
    "O" (291) 142
    "ON" (292) 143
    "X" (293) 144
    "XN" (294) 145
    "A(" (295) 146
    "AN(" (296) 147
    "O(" (297) 148
    "ON(" (298) 149
    "X(" (299) 150
    "XN(" (300) 151
    ")" (301) 152 172
    "=" (302) 89 153
    "+" (303) 109
    "+I" (304) 110
    "-I" (305) 111
    "*I" (306) 112
    "/I" (307) 113
    "==I" (308) 114
    "<>I" (309) 115
    ">I" (310) 116
    "<I" (311) 117
    ">=I" (312) 118
    "<=I" (313) 119
    "+R" (314) 120
    "-R" (315) 121
    "*R" (316) 122
    "/R" (317) 123
    "==R" (318) 124
    "<>R" (319) 125
    ">R" (320) 126
    "<R" (321) 127
    ">=R" (322) 128
    "<=R" (323) 129
    "+D" (324) 130
    "-D" (325) 131
    "*D" (326) 132
    "/D" (327) 133
    "==D" (328) 134
    "<>D" (329) 135
    ">D" (330) 136
    "<D" (331) 137
    ">=D" (332) 138
    "<=D" (333) 139
    ":=" (334) 23 176
    "JU" (335) 159
    "JC" (336) 160
    "JCN" (337) 161
    TOK_INT_LITERAL (338) 166
    TOK_BOOL_LITERAL (339) 167
    TOK_REAL_LITERAL (340) 168
    TOK_IDENTIFIER (341) 9 25 55
    TOK_TITLE_VALUE (342) 90
    TOK_VERSION_VALUE (343) 27
    TOK_LABEL (344) 100


非终结语词，附有它们出现处的规则

    $accept (95)
        on left: 0
    init (96)
        on left: 1 2 3 4
        on right: 0 1 2 3
    Var_Decl_Init (97)
        on left: 5
        on right: 40 44 48 52 69 73 77 81 85
    Variable_List (98)
        on left: 6
        on right: 5
    Zom_Separated_Variable_Name (99)
        on left: 7 8
        on right: 6 7
    Variable_Name (100)
        on left: 9
        on right: 6 7 164 165 176 177 182 183
    Simple_Spec_Init (101)
        on left: 10
        on right: 5 182 183
    Simple_Spec (102)
        on left: 11
        on right: 10 57
    Elem_Type_Name (103)
        on left: 12
        on right: 11
    Numeric_Type_Name (104)
        on left: 13 14 15 16
        on right: 12
    Int_Type_Name (105)
        on left: 17
        on right: 13
    Sign_Int_Type_Name (106)
        on left: 18
        on right: 17
    DInt_Type_Name (107)
        on left: 19
        on right: 14
    Sign_DInt_Type_Name (108)
        on left: 20
        on right: 19
    Real_Type_Name (109)
        on left: 21
        on right: 15
    Bool_Type_Name (110)
        on left: 22
        on right: 16
    Opt_Assignment (111)
        on left: 23 24
        on right: 40 44 48 52 85
    Derived_FB_Name (112)
        on left: 25
        on right: 26
    FB_Decl (113)
        on left: 26
        on right: 1
    Version_Label (114)
        on left: 27
        on right: 26 54
    Zom_FB_General_Var_Decls (115)
        on left: 28 29
        on right: 26 28
    FB_General_Var_Decl (116)
        on left: 30 31 32 33
        on right: 28
    FB_IO_Var_Decls (117)
        on left: 34 35 36
        on right: 30
    FB_Input_Decls (118)
        on left: 37
        on right: 34
    Zom_FB_Input_Decl (119)
        on left: 38 39
        on right: 37 38
    FB_Input_Decl (120)
        on left: 40
        on right: 38
    FB_Output_Decls (121)
        on left: 41
        on right: 35
    Zom_FB_Output_Decl (122)
        on left: 42 43
        on right: 41 42
    FB_Output_Decl (123)
        on left: 44
        on right: 42
    FB_Inout_Decls (124)
        on left: 45
        on right: 36
    Zom_FB_Inout_Decl (125)
        on left: 46 47
        on right: 45 46
    FB_Inout_Decl (126)
        on left: 48
        on right: 46
    FB_Static_Decls (127)
        on left: 49
        on right: 31
    Zom_FB_Static_Decl (128)
        on left: 50 51
        on right: 49 50
    FB_Static_Decl (129)
        on left: 52
        on right: 50
    FB_Body (130)
        on left: 53
        on right: 26
    Func_Decl (131)
        on left: 54
        on right: 2
    Derived_Func_Name (132)
        on left: 55
        on right: 54 171
    Func_Return_Value (133)
        on left: 56 57
        on right: 54
    Zom_Func_General_Var_Decls (134)
        on left: 58 59
        on right: 54 58
    Func_General_Var_Decl (135)
        on left: 60 61 62
        on right: 58
    IO_Var_Decls (136)
        on left: 63 64 65
        on right: 60
    Input_Decls (137)
        on left: 66
        on right: 63
    Zom_Input_Decl (138)
        on left: 67 68
        on right: 66 67
    Input_Decl (139)
        on left: 69
        on right: 67
    Inout_Decls (140)
        on left: 70
        on right: 65
    Zom_Inout_Decl (141)
        on left: 71 72
        on right: 70 71
    Inout_Decl (142)
        on left: 73
        on right: 71
    Output_Decls (143)
        on left: 74
        on right: 64
    Zom_Output_Decl (144)
        on left: 75 76
        on right: 74 75
    Output_Decl (145)
        on left: 77
        on right: 75
    Temp_Decls (146)
        on left: 78
        on right: 32 61
    Zom_Temp_Decl (147)
        on left: 79 80
        on right: 78 79
    Temp_Decl (148)
        on left: 81
        on right: 79
    Constant_Decls (149)
        on left: 82
        on right: 33 62
    Zom_Constant_Decl (150)
        on left: 83 84
        on right: 82 83
    Constant_Decl (151)
        on left: 85
        on right: 83
    Func_Body (152)
        on left: 86
        on right: 54
    Zom_IL_Network (153)
        on left: 87 88
        on right: 53 86 87
    IL_Network (154)
        on left: 89
        on right: 87
    Opt_TITLE_VALUE (155)
        on left: 90 91
        on right: 89
    Opt_Instruction_List (156)
        on left: 92 93
        on right: 89
    Instruction_List (157)
        on left: 94
        on right: 92
    Oom_IL_Instruction (158)
        on left: 95 96
        on right: 94 95
    IL_Instruction (159)
        on left: 97
        on right: 95 96
    Opt_Label (160)
        on left: 98 99
        on right: 97
    IL_Label (161)
        on left: 100
        on right: 98
    Instruction (162)
        on left: 101 102
        on right: 97
    IL_Simple_Operation (163)
        on left: 103
        on right: 101
    Opt_Operand (164)
        on left: 104 105
        on right: 103
    IL_Simple_Operator (165)
        on left: 106 107 108 109 110 111 112 113 114 115 116 117 118 119 120 121 122 123 124 125 126 127 128 129 130 131 132 133 134 135 136 137 138 139 140 141 142 143 144 145 146 147 148 149 150 151 152 153 154 155 156 157 158 159 160 161
        on right: 103
    IL_Operand (166)
        on left: 162 163
        on right: 104 176
    Variable_Access (167)
        on left: 164 165
        on right: 163
    Constant (168)
        on left: 166 167 168
        on right: 23 162
    IL_Invocation (169)
        on left: 169
        on right: 102
    Call (170)
        on left: 170
        on right: 169
    Callee_Name (171)
        on left: 171
        on right: 169
    Opt_Param_List (172)
        on left: 172 173
        on right: 169
    Oom_Param_Assignment (173)
        on left: 174 175
        on right: 172 174
    Param_Assignment (174)
        on left: 176
        on right: 174 175
    Opt_Data_Block (175)
        on left: 177 178
        on right: 169
    Tag_Decl (176)
        on left: 179
        on right: 3
    Opt_Tag_List (177)
        on left: 180 181
        on right: 179
    Tag_List (178)
        on left: 182 183
        on right: 180 182


状态 0

    0 $accept: . init $end

    $default  使用规则 4 以归约 (init)

    init  转到状态 1


状态 1

    0 $accept: init . $end
    1 init: init . FB_Decl
    2     | init . Func_Decl
    3     | init . Tag_Decl

    $end              偏移，并进入状态 2
    "FUNCTION_BLOCK"  偏移，并进入状态 3
    "FUNCTION"        偏移，并进入状态 4
    "TAG"             偏移，并进入状态 5

    FB_Decl    转到状态 6
    Func_Decl  转到状态 7
    Tag_Decl   转到状态 8


状态 2

    0 $accept: init $end .

    $default  接受


状态 3

   26 FB_Decl: "FUNCTION_BLOCK" . Derived_FB_Name Version_Label Zom_FB_General_Var_Decls FB_Body "END_FUNCTION_BLOCK"

    TOK_IDENTIFIER  偏移，并进入状态 9

    Derived_FB_Name  转到状态 10


状态 4

   54 Func_Decl: "FUNCTION" . Derived_Func_Name ':' Func_Return_Value Version_Label Zom_Func_General_Var_Decls Func_Body "END_FUNCTION"

    TOK_IDENTIFIER  偏移，并进入状态 11

    Derived_Func_Name  转到状态 12


状态 5

  179 Tag_Decl: "TAG" . Opt_Tag_List "END_TAG"

    TOK_IDENTIFIER  偏移，并进入状态 13

    $default  使用规则 181 以归约 (Opt_Tag_List)

    Variable_Name  转到状态 14
    Opt_Tag_List   转到状态 15
    Tag_List       转到状态 16


状态 6

    1 init: init FB_Decl .

    $default  使用规则 1 以归约 (init)


状态 7

    2 init: init Func_Decl .

    $default  使用规则 2 以归约 (init)


状态 8

    3 init: init Tag_Decl .

    $default  使用规则 3 以归约 (init)


状态 9

   25 Derived_FB_Name: TOK_IDENTIFIER .

    $default  使用规则 25 以归约 (Derived_FB_Name)


状态 10

   26 FB_Decl: "FUNCTION_BLOCK" Derived_FB_Name . Version_Label Zom_FB_General_Var_Decls FB_Body "END_FUNCTION_BLOCK"

    "VERSION"  偏移，并进入状态 17

    Version_Label  转到状态 18


状态 11

   55 Derived_Func_Name: TOK_IDENTIFIER .

    $default  使用规则 55 以归约 (Derived_Func_Name)


状态 12

   54 Func_Decl: "FUNCTION" Derived_Func_Name . ':' Func_Return_Value Version_Label Zom_Func_General_Var_Decls Func_Body "END_FUNCTION"

    ':'  偏移，并进入状态 19


状态 13

    9 Variable_Name: TOK_IDENTIFIER .

    $default  使用规则 9 以归约 (Variable_Name)


状态 14

  183 Tag_List: Variable_Name . Simple_Spec_Init

    "Int"   偏移，并进入状态 20
    "DInt"  偏移，并进入状态 21
    "Real"  偏移，并进入状态 22
    "Bool"  偏移，并进入状态 23

    Simple_Spec_Init     转到状态 24
    Simple_Spec          转到状态 25
    Elem_Type_Name       转到状态 26
    Numeric_Type_Name    转到状态 27
    Int_Type_Name        转到状态 28
    Sign_Int_Type_Name   转到状态 29
    DInt_Type_Name       转到状态 30
    Sign_DInt_Type_Name  转到状态 31
    Real_Type_Name       转到状态 32
    Bool_Type_Name       转到状态 33


状态 15

  179 Tag_Decl: "TAG" Opt_Tag_List . "END_TAG"

    "END_TAG"  偏移，并进入状态 34


状态 16

  180 Opt_Tag_List: Tag_List .
  182 Tag_List: Tag_List . Variable_Name Simple_Spec_Init

    TOK_IDENTIFIER  偏移，并进入状态 13

    $default  使用规则 180 以归约 (Opt_Tag_List)

    Variable_Name  转到状态 35


状态 17

   27 Version_Label: "VERSION" . ':' TOK_VERSION_VALUE

    ':'  偏移，并进入状态 36


状态 18

   26 FB_Decl: "FUNCTION_BLOCK" Derived_FB_Name Version_Label . Zom_FB_General_Var_Decls FB_Body "END_FUNCTION_BLOCK"

    $default  使用规则 29 以归约 (Zom_FB_General_Var_Decls)

    Zom_FB_General_Var_Decls  转到状态 37


状态 19

   54 Func_Decl: "FUNCTION" Derived_Func_Name ':' . Func_Return_Value Version_Label Zom_Func_General_Var_Decls Func_Body "END_FUNCTION"

    "Int"   偏移，并进入状态 20
    "DInt"  偏移，并进入状态 21
    "Real"  偏移，并进入状态 22
    "Bool"  偏移，并进入状态 23
    "Void"  偏移，并进入状态 38

    Simple_Spec          转到状态 39
    Elem_Type_Name       转到状态 26
    Numeric_Type_Name    转到状态 27
    Int_Type_Name        转到状态 28
    Sign_Int_Type_Name   转到状态 29
    DInt_Type_Name       转到状态 30
    Sign_DInt_Type_Name  转到状态 31
    Real_Type_Name       转到状态 32
    Bool_Type_Name       转到状态 33
    Func_Return_Value    转到状态 40


状态 20

   18 Sign_Int_Type_Name: "Int" .

    $default  使用规则 18 以归约 (Sign_Int_Type_Name)


状态 21

   20 Sign_DInt_Type_Name: "DInt" .

    $default  使用规则 20 以归约 (Sign_DInt_Type_Name)


状态 22

   21 Real_Type_Name: "Real" .

    $default  使用规则 21 以归约 (Real_Type_Name)


状态 23

   22 Bool_Type_Name: "Bool" .

    $default  使用规则 22 以归约 (Bool_Type_Name)


状态 24

  183 Tag_List: Variable_Name Simple_Spec_Init .

    $default  使用规则 183 以归约 (Tag_List)


状态 25

   10 Simple_Spec_Init: Simple_Spec .

    $default  使用规则 10 以归约 (Simple_Spec_Init)


状态 26

   11 Simple_Spec: Elem_Type_Name .

    $default  使用规则 11 以归约 (Simple_Spec)


状态 27

   12 Elem_Type_Name: Numeric_Type_Name .

    $default  使用规则 12 以归约 (Elem_Type_Name)


状态 28

   13 Numeric_Type_Name: Int_Type_Name .

    $default  使用规则 13 以归约 (Numeric_Type_Name)


状态 29

   17 Int_Type_Name: Sign_Int_Type_Name .

    $default  使用规则 17 以归约 (Int_Type_Name)


状态 30

   14 Numeric_Type_Name: DInt_Type_Name .

    $default  使用规则 14 以归约 (Numeric_Type_Name)


状态 31

   19 DInt_Type_Name: Sign_DInt_Type_Name .

    $default  使用规则 19 以归约 (DInt_Type_Name)


状态 32

   15 Numeric_Type_Name: Real_Type_Name .

    $default  使用规则 15 以归约 (Numeric_Type_Name)


状态 33

   16 Numeric_Type_Name: Bool_Type_Name .

    $default  使用规则 16 以归约 (Numeric_Type_Name)


状态 34

  179 Tag_Decl: "TAG" Opt_Tag_List "END_TAG" .

    $default  使用规则 179 以归约 (Tag_Decl)


状态 35

  182 Tag_List: Tag_List Variable_Name . Simple_Spec_Init

    "Int"   偏移，并进入状态 20
    "DInt"  偏移，并进入状态 21
    "Real"  偏移，并进入状态 22
    "Bool"  偏移，并进入状态 23

    Simple_Spec_Init     转到状态 41
    Simple_Spec          转到状态 25
    Elem_Type_Name       转到状态 26
    Numeric_Type_Name    转到状态 27
    Int_Type_Name        转到状态 28
    Sign_Int_Type_Name   转到状态 29
    DInt_Type_Name       转到状态 30
    Sign_DInt_Type_Name  转到状态 31
    Real_Type_Name       转到状态 32
    Bool_Type_Name       转到状态 33


状态 36

   27 Version_Label: "VERSION" ':' . TOK_VERSION_VALUE

    TOK_VERSION_VALUE  偏移，并进入状态 42


状态 37

   26 FB_Decl: "FUNCTION_BLOCK" Derived_FB_Name Version_Label Zom_FB_General_Var_Decls . FB_Body "END_FUNCTION_BLOCK"
   28 Zom_FB_General_Var_Decls: Zom_FB_General_Var_Decls . FB_General_Var_Decl

    "BEGIN"         偏移，并进入状态 43
    "VAR_INPUT"     偏移，并进入状态 44
    "VAR_IN_OUT"    偏移，并进入状态 45
    "VAR_OUTPUT"    偏移，并进入状态 46
    "VAR"           偏移，并进入状态 47
    "VAR_TEMP"      偏移，并进入状态 48
    "VAR CONSTANT"  偏移，并进入状态 49

    FB_General_Var_Decl  转到状态 50
    FB_IO_Var_Decls      转到状态 51
    FB_Input_Decls       转到状态 52
    FB_Output_Decls      转到状态 53
    FB_Inout_Decls       转到状态 54
    FB_Static_Decls      转到状态 55
    FB_Body              转到状态 56
    Temp_Decls           转到状态 57
    Constant_Decls       转到状态 58


状态 38

   56 Func_Return_Value: "Void" .

    $default  使用规则 56 以归约 (Func_Return_Value)


状态 39

   57 Func_Return_Value: Simple_Spec .

    $default  使用规则 57 以归约 (Func_Return_Value)


状态 40

   54 Func_Decl: "FUNCTION" Derived_Func_Name ':' Func_Return_Value . Version_Label Zom_Func_General_Var_Decls Func_Body "END_FUNCTION"

    "VERSION"  偏移，并进入状态 17

    Version_Label  转到状态 59


状态 41

  182 Tag_List: Tag_List Variable_Name Simple_Spec_Init .

    $default  使用规则 182 以归约 (Tag_List)


状态 42

   27 Version_Label: "VERSION" ':' TOK_VERSION_VALUE .

    $default  使用规则 27 以归约 (Version_Label)


状态 43

   53 FB_Body: "BEGIN" . Zom_IL_Network

    $default  使用规则 88 以归约 (Zom_IL_Network)

    Zom_IL_Network  转到状态 60


状态 44

   37 FB_Input_Decls: "VAR_INPUT" . Zom_FB_Input_Decl "END_VAR"

    $default  使用规则 39 以归约 (Zom_FB_Input_Decl)

    Zom_FB_Input_Decl  转到状态 61


状态 45

   45 FB_Inout_Decls: "VAR_IN_OUT" . Zom_FB_Inout_Decl "END_VAR"

    $default  使用规则 47 以归约 (Zom_FB_Inout_Decl)

    Zom_FB_Inout_Decl  转到状态 62


状态 46

   41 FB_Output_Decls: "VAR_OUTPUT" . Zom_FB_Output_Decl "END_VAR"

    $default  使用规则 43 以归约 (Zom_FB_Output_Decl)

    Zom_FB_Output_Decl  转到状态 63


状态 47

   49 FB_Static_Decls: "VAR" . Zom_FB_Static_Decl "END_VAR"

    $default  使用规则 51 以归约 (Zom_FB_Static_Decl)

    Zom_FB_Static_Decl  转到状态 64


状态 48

   78 Temp_Decls: "VAR_TEMP" . Zom_Temp_Decl "END_VAR"

    $default  使用规则 80 以归约 (Zom_Temp_Decl)

    Zom_Temp_Decl  转到状态 65


状态 49

   82 Constant_Decls: "VAR CONSTANT" . Zom_Constant_Decl "END_VAR"

    $default  使用规则 84 以归约 (Zom_Constant_Decl)

    Zom_Constant_Decl  转到状态 66


状态 50

   28 Zom_FB_General_Var_Decls: Zom_FB_General_Var_Decls FB_General_Var_Decl .

    $default  使用规则 28 以归约 (Zom_FB_General_Var_Decls)


状态 51

   30 FB_General_Var_Decl: FB_IO_Var_Decls .

    $default  使用规则 30 以归约 (FB_General_Var_Decl)


状态 52

   34 FB_IO_Var_Decls: FB_Input_Decls .

    $default  使用规则 34 以归约 (FB_IO_Var_Decls)


状态 53

   35 FB_IO_Var_Decls: FB_Output_Decls .

    $default  使用规则 35 以归约 (FB_IO_Var_Decls)


状态 54

   36 FB_IO_Var_Decls: FB_Inout_Decls .

    $default  使用规则 36 以归约 (FB_IO_Var_Decls)


状态 55

   31 FB_General_Var_Decl: FB_Static_Decls .

    $default  使用规则 31 以归约 (FB_General_Var_Decl)


状态 56

   26 FB_Decl: "FUNCTION_BLOCK" Derived_FB_Name Version_Label Zom_FB_General_Var_Decls FB_Body . "END_FUNCTION_BLOCK"

    "END_FUNCTION_BLOCK"  偏移，并进入状态 67


状态 57

   32 FB_General_Var_Decl: Temp_Decls .

    $default  使用规则 32 以归约 (FB_General_Var_Decl)


状态 58

   33 FB_General_Var_Decl: Constant_Decls .

    $default  使用规则 33 以归约 (FB_General_Var_Decl)


状态 59

   54 Func_Decl: "FUNCTION" Derived_Func_Name ':' Func_Return_Value Version_Label . Zom_Func_General_Var_Decls Func_Body "END_FUNCTION"

    $default  使用规则 59 以归约 (Zom_Func_General_Var_Decls)

    Zom_Func_General_Var_Decls  转到状态 68


状态 60

   53 FB_Body: "BEGIN" Zom_IL_Network .
   87 Zom_IL_Network: Zom_IL_Network . IL_Network

    "NETWORK"  偏移，并进入状态 69

    $default  使用规则 53 以归约 (FB_Body)

    IL_Network  转到状态 70


状态 61

   37 FB_Input_Decls: "VAR_INPUT" Zom_FB_Input_Decl . "END_VAR"
   38 Zom_FB_Input_Decl: Zom_FB_Input_Decl . FB_Input_Decl ';'

    "END_VAR"       偏移，并进入状态 71
    TOK_IDENTIFIER  偏移，并进入状态 13

    Var_Decl_Init  转到状态 72
    Variable_List  转到状态 73
    Variable_Name  转到状态 74
    FB_Input_Decl  转到状态 75


状态 62

   45 FB_Inout_Decls: "VAR_IN_OUT" Zom_FB_Inout_Decl . "END_VAR"
   46 Zom_FB_Inout_Decl: Zom_FB_Inout_Decl . FB_Inout_Decl ';'

    "END_VAR"       偏移，并进入状态 76
    TOK_IDENTIFIER  偏移，并进入状态 13

    Var_Decl_Init  转到状态 77
    Variable_List  转到状态 73
    Variable_Name  转到状态 74
    FB_Inout_Decl  转到状态 78


状态 63

   41 FB_Output_Decls: "VAR_OUTPUT" Zom_FB_Output_Decl . "END_VAR"
   42 Zom_FB_Output_Decl: Zom_FB_Output_Decl . FB_Output_Decl ';'

    "END_VAR"       偏移，并进入状态 79
    TOK_IDENTIFIER  偏移，并进入状态 13

    Var_Decl_Init   转到状态 80
    Variable_List   转到状态 73
    Variable_Name   转到状态 74
    FB_Output_Decl  转到状态 81


状态 64

   49 FB_Static_Decls: "VAR" Zom_FB_Static_Decl . "END_VAR"
   50 Zom_FB_Static_Decl: Zom_FB_Static_Decl . FB_Static_Decl ';'

    "END_VAR"       偏移，并进入状态 82
    TOK_IDENTIFIER  偏移，并进入状态 13

    Var_Decl_Init   转到状态 83
    Variable_List   转到状态 73
    Variable_Name   转到状态 74
    FB_Static_Decl  转到状态 84


状态 65

   78 Temp_Decls: "VAR_TEMP" Zom_Temp_Decl . "END_VAR"
   79 Zom_Temp_Decl: Zom_Temp_Decl . Temp_Decl ';'

    "END_VAR"       偏移，并进入状态 85
    TOK_IDENTIFIER  偏移，并进入状态 13

    Var_Decl_Init  转到状态 86
    Variable_List  转到状态 73
    Variable_Name  转到状态 74
    Temp_Decl      转到状态 87


状态 66

   82 Constant_Decls: "VAR CONSTANT" Zom_Constant_Decl . "END_VAR"
   83 Zom_Constant_Decl: Zom_Constant_Decl . Constant_Decl ';'

    "END_VAR"       偏移，并进入状态 88
    TOK_IDENTIFIER  偏移，并进入状态 13

    Var_Decl_Init  转到状态 89
    Variable_List  转到状态 73
    Variable_Name  转到状态 74
    Constant_Decl  转到状态 90


状态 67

   26 FB_Decl: "FUNCTION_BLOCK" Derived_FB_Name Version_Label Zom_FB_General_Var_Decls FB_Body "END_FUNCTION_BLOCK" .

    $default  使用规则 26 以归约 (FB_Decl)


状态 68

   54 Func_Decl: "FUNCTION" Derived_Func_Name ':' Func_Return_Value Version_Label Zom_Func_General_Var_Decls . Func_Body "END_FUNCTION"
   58 Zom_Func_General_Var_Decls: Zom_Func_General_Var_Decls . Func_General_Var_Decl

    "BEGIN"         偏移，并进入状态 91
    "VAR_INPUT"     偏移，并进入状态 92
    "VAR_IN_OUT"    偏移，并进入状态 93
    "VAR_OUTPUT"    偏移，并进入状态 94
    "VAR_TEMP"      偏移，并进入状态 48
    "VAR CONSTANT"  偏移，并进入状态 49

    Func_General_Var_Decl  转到状态 95
    IO_Var_Decls           转到状态 96
    Input_Decls            转到状态 97
    Inout_Decls            转到状态 98
    Output_Decls           转到状态 99
    Temp_Decls             转到状态 100
    Constant_Decls         转到状态 101
    Func_Body              转到状态 102


状态 69

   89 IL_Network: "NETWORK" . "TITLE" "=" Opt_TITLE_VALUE Opt_Instruction_List

    "TITLE"  偏移，并进入状态 103


状态 70

   87 Zom_IL_Network: Zom_IL_Network IL_Network .

    $default  使用规则 87 以归约 (Zom_IL_Network)


状态 71

   37 FB_Input_Decls: "VAR_INPUT" Zom_FB_Input_Decl "END_VAR" .

    $default  使用规则 37 以归约 (FB_Input_Decls)


状态 72

   40 FB_Input_Decl: Var_Decl_Init . Opt_Assignment

    ":="  偏移，并进入状态 104

    $default  使用规则 24 以归约 (Opt_Assignment)

    Opt_Assignment  转到状态 105


状态 73

    5 Var_Decl_Init: Variable_List . ':' Simple_Spec_Init

    ':'  偏移，并进入状态 106


状态 74

    6 Variable_List: Variable_Name . Zom_Separated_Variable_Name

    $default  使用规则 8 以归约 (Zom_Separated_Variable_Name)

    Zom_Separated_Variable_Name  转到状态 107


状态 75

   38 Zom_FB_Input_Decl: Zom_FB_Input_Decl FB_Input_Decl . ';'

    ';'  偏移，并进入状态 108


状态 76

   45 FB_Inout_Decls: "VAR_IN_OUT" Zom_FB_Inout_Decl "END_VAR" .

    $default  使用规则 45 以归约 (FB_Inout_Decls)


状态 77

   48 FB_Inout_Decl: Var_Decl_Init . Opt_Assignment

    ":="  偏移，并进入状态 104

    $default  使用规则 24 以归约 (Opt_Assignment)

    Opt_Assignment  转到状态 109


状态 78

   46 Zom_FB_Inout_Decl: Zom_FB_Inout_Decl FB_Inout_Decl . ';'

    ';'  偏移，并进入状态 110


状态 79

   41 FB_Output_Decls: "VAR_OUTPUT" Zom_FB_Output_Decl "END_VAR" .

    $default  使用规则 41 以归约 (FB_Output_Decls)


状态 80

   44 FB_Output_Decl: Var_Decl_Init . Opt_Assignment

    ":="  偏移，并进入状态 104

    $default  使用规则 24 以归约 (Opt_Assignment)

    Opt_Assignment  转到状态 111


状态 81

   42 Zom_FB_Output_Decl: Zom_FB_Output_Decl FB_Output_Decl . ';'

    ';'  偏移，并进入状态 112


状态 82

   49 FB_Static_Decls: "VAR" Zom_FB_Static_Decl "END_VAR" .

    $default  使用规则 49 以归约 (FB_Static_Decls)


状态 83

   52 FB_Static_Decl: Var_Decl_Init . Opt_Assignment

    ":="  偏移，并进入状态 104

    $default  使用规则 24 以归约 (Opt_Assignment)

    Opt_Assignment  转到状态 113


状态 84

   50 Zom_FB_Static_Decl: Zom_FB_Static_Decl FB_Static_Decl . ';'

    ';'  偏移，并进入状态 114


状态 85

   78 Temp_Decls: "VAR_TEMP" Zom_Temp_Decl "END_VAR" .

    $default  使用规则 78 以归约 (Temp_Decls)


状态 86

   81 Temp_Decl: Var_Decl_Init .

    $default  使用规则 81 以归约 (Temp_Decl)


状态 87

   79 Zom_Temp_Decl: Zom_Temp_Decl Temp_Decl . ';'

    ';'  偏移，并进入状态 115


状态 88

   82 Constant_Decls: "VAR CONSTANT" Zom_Constant_Decl "END_VAR" .

    $default  使用规则 82 以归约 (Constant_Decls)


状态 89

   85 Constant_Decl: Var_Decl_Init . Opt_Assignment

    ":="  偏移，并进入状态 104

    $default  使用规则 24 以归约 (Opt_Assignment)

    Opt_Assignment  转到状态 116


状态 90

   83 Zom_Constant_Decl: Zom_Constant_Decl Constant_Decl . ';'

    ';'  偏移，并进入状态 117


状态 91

   86 Func_Body: "BEGIN" . Zom_IL_Network

    $default  使用规则 88 以归约 (Zom_IL_Network)

    Zom_IL_Network  转到状态 118


状态 92

   66 Input_Decls: "VAR_INPUT" . Zom_Input_Decl "END_VAR"

    $default  使用规则 68 以归约 (Zom_Input_Decl)

    Zom_Input_Decl  转到状态 119


状态 93

   70 Inout_Decls: "VAR_IN_OUT" . Zom_Inout_Decl "END_VAR"

    $default  使用规则 72 以归约 (Zom_Inout_Decl)

    Zom_Inout_Decl  转到状态 120


状态 94

   74 Output_Decls: "VAR_OUTPUT" . Zom_Output_Decl "END_VAR"

    $default  使用规则 76 以归约 (Zom_Output_Decl)

    Zom_Output_Decl  转到状态 121


状态 95

   58 Zom_Func_General_Var_Decls: Zom_Func_General_Var_Decls Func_General_Var_Decl .

    $default  使用规则 58 以归约 (Zom_Func_General_Var_Decls)


状态 96

   60 Func_General_Var_Decl: IO_Var_Decls .

    $default  使用规则 60 以归约 (Func_General_Var_Decl)


状态 97

   63 IO_Var_Decls: Input_Decls .

    $default  使用规则 63 以归约 (IO_Var_Decls)


状态 98

   65 IO_Var_Decls: Inout_Decls .

    $default  使用规则 65 以归约 (IO_Var_Decls)


状态 99

   64 IO_Var_Decls: Output_Decls .

    $default  使用规则 64 以归约 (IO_Var_Decls)


状态 100

   61 Func_General_Var_Decl: Temp_Decls .

    $default  使用规则 61 以归约 (Func_General_Var_Decl)


状态 101

   62 Func_General_Var_Decl: Constant_Decls .

    $default  使用规则 62 以归约 (Func_General_Var_Decl)


状态 102

   54 Func_Decl: "FUNCTION" Derived_Func_Name ':' Func_Return_Value Version_Label Zom_Func_General_Var_Decls Func_Body . "END_FUNCTION"

    "END_FUNCTION"  偏移，并进入状态 122


状态 103

   89 IL_Network: "NETWORK" "TITLE" . "=" Opt_TITLE_VALUE Opt_Instruction_List

    "="  偏移，并进入状态 123


状态 104

   23 Opt_Assignment: ":=" . Constant

    TOK_INT_LITERAL   偏移，并进入状态 124
    TOK_BOOL_LITERAL  偏移，并进入状态 125
    TOK_REAL_LITERAL  偏移，并进入状态 126

    Constant  转到状态 127


状态 105

   40 FB_Input_Decl: Var_Decl_Init Opt_Assignment .

    $default  使用规则 40 以归约 (FB_Input_Decl)


状态 106

    5 Var_Decl_Init: Variable_List ':' . Simple_Spec_Init

    "Int"   偏移，并进入状态 20
    "DInt"  偏移，并进入状态 21
    "Real"  偏移，并进入状态 22
    "Bool"  偏移，并进入状态 23

    Simple_Spec_Init     转到状态 128
    Simple_Spec          转到状态 25
    Elem_Type_Name       转到状态 26
    Numeric_Type_Name    转到状态 27
    Int_Type_Name        转到状态 28
    Sign_Int_Type_Name   转到状态 29
    DInt_Type_Name       转到状态 30
    Sign_DInt_Type_Name  转到状态 31
    Real_Type_Name       转到状态 32
    Bool_Type_Name       转到状态 33


状态 107

    6 Variable_List: Variable_Name Zom_Separated_Variable_Name .
    7 Zom_Separated_Variable_Name: Zom_Separated_Variable_Name . ',' Variable_Name

    ','  偏移，并进入状态 129

    $default  使用规则 6 以归约 (Variable_List)


状态 108

   38 Zom_FB_Input_Decl: Zom_FB_Input_Decl FB_Input_Decl ';' .

    $default  使用规则 38 以归约 (Zom_FB_Input_Decl)


状态 109

   48 FB_Inout_Decl: Var_Decl_Init Opt_Assignment .

    $default  使用规则 48 以归约 (FB_Inout_Decl)


状态 110

   46 Zom_FB_Inout_Decl: Zom_FB_Inout_Decl FB_Inout_Decl ';' .

    $default  使用规则 46 以归约 (Zom_FB_Inout_Decl)


状态 111

   44 FB_Output_Decl: Var_Decl_Init Opt_Assignment .

    $default  使用规则 44 以归约 (FB_Output_Decl)


状态 112

   42 Zom_FB_Output_Decl: Zom_FB_Output_Decl FB_Output_Decl ';' .

    $default  使用规则 42 以归约 (Zom_FB_Output_Decl)


状态 113

   52 FB_Static_Decl: Var_Decl_Init Opt_Assignment .

    $default  使用规则 52 以归约 (FB_Static_Decl)


状态 114

   50 Zom_FB_Static_Decl: Zom_FB_Static_Decl FB_Static_Decl ';' .

    $default  使用规则 50 以归约 (Zom_FB_Static_Decl)


状态 115

   79 Zom_Temp_Decl: Zom_Temp_Decl Temp_Decl ';' .

    $default  使用规则 79 以归约 (Zom_Temp_Decl)


状态 116

   85 Constant_Decl: Var_Decl_Init Opt_Assignment .

    $default  使用规则 85 以归约 (Constant_Decl)


状态 117

   83 Zom_Constant_Decl: Zom_Constant_Decl Constant_Decl ';' .

    $default  使用规则 83 以归约 (Zom_Constant_Decl)


状态 118

   86 Func_Body: "BEGIN" Zom_IL_Network .
   87 Zom_IL_Network: Zom_IL_Network . IL_Network

    "NETWORK"  偏移，并进入状态 69

    $default  使用规则 86 以归约 (Func_Body)

    IL_Network  转到状态 70


状态 119

   66 Input_Decls: "VAR_INPUT" Zom_Input_Decl . "END_VAR"
   67 Zom_Input_Decl: Zom_Input_Decl . Input_Decl ';'

    "END_VAR"       偏移，并进入状态 130
    TOK_IDENTIFIER  偏移，并进入状态 13

    Var_Decl_Init  转到状态 131
    Variable_List  转到状态 73
    Variable_Name  转到状态 74
    Input_Decl     转到状态 132


状态 120

   70 Inout_Decls: "VAR_IN_OUT" Zom_Inout_Decl . "END_VAR"
   71 Zom_Inout_Decl: Zom_Inout_Decl . Inout_Decl ';'

    "END_VAR"       偏移，并进入状态 133
    TOK_IDENTIFIER  偏移，并进入状态 13

    Var_Decl_Init  转到状态 134
    Variable_List  转到状态 73
    Variable_Name  转到状态 74
    Inout_Decl     转到状态 135


状态 121

   74 Output_Decls: "VAR_OUTPUT" Zom_Output_Decl . "END_VAR"
   75 Zom_Output_Decl: Zom_Output_Decl . Output_Decl ';'

    "END_VAR"       偏移，并进入状态 136
    TOK_IDENTIFIER  偏移，并进入状态 13

    Var_Decl_Init  转到状态 137
    Variable_List  转到状态 73
    Variable_Name  转到状态 74
    Output_Decl    转到状态 138


状态 122

   54 Func_Decl: "FUNCTION" Derived_Func_Name ':' Func_Return_Value Version_Label Zom_Func_General_Var_Decls Func_Body "END_FUNCTION" .

    $default  使用规则 54 以归约 (Func_Decl)


状态 123

   89 IL_Network: "NETWORK" "TITLE" "=" . Opt_TITLE_VALUE Opt_Instruction_List

    TOK_TITLE_VALUE  偏移，并进入状态 139

    $default  使用规则 91 以归约 (Opt_TITLE_VALUE)

    Opt_TITLE_VALUE  转到状态 140


状态 124

  166 Constant: TOK_INT_LITERAL .

    $default  使用规则 166 以归约 (Constant)


状态 125

  167 Constant: TOK_BOOL_LITERAL .

    $default  使用规则 167 以归约 (Constant)


状态 126

  168 Constant: TOK_REAL_LITERAL .

    $default  使用规则 168 以归约 (Constant)


状态 127

   23 Opt_Assignment: ":=" Constant .

    $default  使用规则 23 以归约 (Opt_Assignment)


状态 128

    5 Var_Decl_Init: Variable_List ':' Simple_Spec_Init .

    $default  使用规则 5 以归约 (Var_Decl_Init)


状态 129

    7 Zom_Separated_Variable_Name: Zom_Separated_Variable_Name ',' . Variable_Name

    TOK_IDENTIFIER  偏移，并进入状态 13

    Variable_Name  转到状态 141


状态 130

   66 Input_Decls: "VAR_INPUT" Zom_Input_Decl "END_VAR" .

    $default  使用规则 66 以归约 (Input_Decls)


状态 131

   69 Input_Decl: Var_Decl_Init .

    $default  使用规则 69 以归约 (Input_Decl)


状态 132

   67 Zom_Input_Decl: Zom_Input_Decl Input_Decl . ';'

    ';'  偏移，并进入状态 142


状态 133

   70 Inout_Decls: "VAR_IN_OUT" Zom_Inout_Decl "END_VAR" .

    $default  使用规则 70 以归约 (Inout_Decls)


状态 134

   73 Inout_Decl: Var_Decl_Init .

    $default  使用规则 73 以归约 (Inout_Decl)


状态 135

   71 Zom_Inout_Decl: Zom_Inout_Decl Inout_Decl . ';'

    ';'  偏移，并进入状态 143


状态 136

   74 Output_Decls: "VAR_OUTPUT" Zom_Output_Decl "END_VAR" .

    $default  使用规则 74 以归约 (Output_Decls)


状态 137

   77 Output_Decl: Var_Decl_Init .

    $default  使用规则 77 以归约 (Output_Decl)


状态 138

   75 Zom_Output_Decl: Zom_Output_Decl Output_Decl . ';'

    ';'  偏移，并进入状态 144


状态 139

   90 Opt_TITLE_VALUE: TOK_TITLE_VALUE .

    $default  使用规则 90 以归约 (Opt_TITLE_VALUE)


状态 140

   89 IL_Network: "NETWORK" "TITLE" "=" Opt_TITLE_VALUE . Opt_Instruction_List

    TOK_LABEL  偏移，并进入状态 145

    "END_FUNCTION_BLOCK"  使用规则 93 以归约 (Opt_Instruction_List)
    "END_FUNCTION"        使用规则 93 以归约 (Opt_Instruction_List)
    "NETWORK"             使用规则 93 以归约 (Opt_Instruction_List)
    $default              使用规则 99 以归约 (Opt_Label)

    Opt_Instruction_List  转到状态 146
    Instruction_List      转到状态 147
    Oom_IL_Instruction    转到状态 148
    IL_Instruction        转到状态 149
    Opt_Label             转到状态 150
    IL_Label              转到状态 151


状态 141

    7 Zom_Separated_Variable_Name: Zom_Separated_Variable_Name ',' Variable_Name .

    $default  使用规则 7 以归约 (Zom_Separated_Variable_Name)


状态 142

   67 Zom_Input_Decl: Zom_Input_Decl Input_Decl ';' .

    $default  使用规则 67 以归约 (Zom_Input_Decl)


状态 143

   71 Zom_Inout_Decl: Zom_Inout_Decl Inout_Decl ';' .

    $default  使用规则 71 以归约 (Zom_Inout_Decl)


状态 144

   75 Zom_Output_Decl: Zom_Output_Decl Output_Decl ';' .

    $default  使用规则 75 以归约 (Zom_Output_Decl)


状态 145

  100 IL_Label: TOK_LABEL .

    $default  使用规则 100 以归约 (IL_Label)


状态 146

   89 IL_Network: "NETWORK" "TITLE" "=" Opt_TITLE_VALUE Opt_Instruction_List .

    $default  使用规则 89 以归约 (IL_Network)


状态 147

   92 Opt_Instruction_List: Instruction_List .

    $default  使用规则 92 以归约 (Opt_Instruction_List)


状态 148

   94 Instruction_List: Oom_IL_Instruction .
   95 Oom_IL_Instruction: Oom_IL_Instruction . IL_Instruction

    TOK_LABEL  偏移，并进入状态 145

    "END_FUNCTION_BLOCK"  使用规则 94 以归约 (Instruction_List)
    "END_FUNCTION"        使用规则 94 以归约 (Instruction_List)
    "NETWORK"             使用规则 94 以归约 (Instruction_List)
    $default              使用规则 99 以归约 (Opt_Label)

    IL_Instruction  转到状态 152
    Opt_Label       转到状态 150
    IL_Label        转到状态 151


状态 149

   96 Oom_IL_Instruction: IL_Instruction .

    $default  使用规则 96 以归约 (Oom_IL_Instruction)


状态 150

   97 IL_Instruction: Opt_Label . Instruction ';'

    "L"     偏移，并进入状态 153
    "T"     偏移，并进入状态 154
    "CALL"  偏移，并进入状态 155
    "NOP"   偏移，并进入状态 156
    "SET"   偏移，并进入状态 157
    "CLR"   偏移，并进入状态 158
    "S"     偏移，并进入状态 159
    "R"     偏移，并进入状态 160
    "NOT"   偏移，并进入状态 161
    "A"     偏移，并进入状态 162
    "AN"    偏移，并进入状态 163
    "O"     偏移，并进入状态 164
    "ON"    偏移，并进入状态 165
    "X"     偏移，并进入状态 166
    "XN"    偏移，并进入状态 167
    "A("    偏移，并进入状态 168
    "AN("   偏移，并进入状态 169
    "O("    偏移，并进入状态 170
    "ON("   偏移，并进入状态 171
    "X("    偏移，并进入状态 172
    "XN("   偏移，并进入状态 173
    ")"     偏移，并进入状态 174
    "="     偏移，并进入状态 175
    "+"     偏移，并进入状态 176
    "+I"    偏移，并进入状态 177
    "-I"    偏移，并进入状态 178
    "*I"    偏移，并进入状态 179
    "/I"    偏移，并进入状态 180
    "==I"   偏移，并进入状态 181
    "<>I"   偏移，并进入状态 182
    ">I"    偏移，并进入状态 183
    "<I"    偏移，并进入状态 184
    ">=I"   偏移，并进入状态 185
    "<=I"   偏移，并进入状态 186
    "+R"    偏移，并进入状态 187
    "-R"    偏移，并进入状态 188
    "*R"    偏移，并进入状态 189
    "/R"    偏移，并进入状态 190
    "==R"   偏移，并进入状态 191
    "<>R"   偏移，并进入状态 192
    ">R"    偏移，并进入状态 193
    "<R"    偏移，并进入状态 194
    ">=R"   偏移，并进入状态 195
    "<=R"   偏移，并进入状态 196
    "+D"    偏移，并进入状态 197
    "-D"    偏移，并进入状态 198
    "*D"    偏移，并进入状态 199
    "/D"    偏移，并进入状态 200
    "==D"   偏移，并进入状态 201
    "<>D"   偏移，并进入状态 202
    ">D"    偏移，并进入状态 203
    "<D"    偏移，并进入状态 204
    ">=D"   偏移，并进入状态 205
    "<=D"   偏移，并进入状态 206
    "JU"    偏移，并进入状态 207
    "JC"    偏移，并进入状态 208
    "JCN"   偏移，并进入状态 209

    Instruction          转到状态 210
    IL_Simple_Operation  转到状态 211
    IL_Simple_Operator   转到状态 212
    IL_Invocation        转到状态 213
    Call                 转到状态 214


状态 151

   98 Opt_Label: IL_Label .

    $default  使用规则 98 以归约 (Opt_Label)


状态 152

   95 Oom_IL_Instruction: Oom_IL_Instruction IL_Instruction .

    $default  使用规则 95 以归约 (Oom_IL_Instruction)


状态 153

  106 IL_Simple_Operator: "L" .

    $default  使用规则 106 以归约 (IL_Simple_Operator)


状态 154

  107 IL_Simple_Operator: "T" .

    $default  使用规则 107 以归约 (IL_Simple_Operator)


状态 155

  170 Call: "CALL" .

    $default  使用规则 170 以归约 (Call)


状态 156

  108 IL_Simple_Operator: "NOP" .

    $default  使用规则 108 以归约 (IL_Simple_Operator)


状态 157

  154 IL_Simple_Operator: "SET" .

    $default  使用规则 154 以归约 (IL_Simple_Operator)


状态 158

  155 IL_Simple_Operator: "CLR" .

    $default  使用规则 155 以归约 (IL_Simple_Operator)


状态 159

  156 IL_Simple_Operator: "S" .

    $default  使用规则 156 以归约 (IL_Simple_Operator)


状态 160

  157 IL_Simple_Operator: "R" .

    $default  使用规则 157 以归约 (IL_Simple_Operator)


状态 161

  158 IL_Simple_Operator: "NOT" .

    $default  使用规则 158 以归约 (IL_Simple_Operator)


状态 162

  140 IL_Simple_Operator: "A" .

    $default  使用规则 140 以归约 (IL_Simple_Operator)


状态 163

  141 IL_Simple_Operator: "AN" .

    $default  使用规则 141 以归约 (IL_Simple_Operator)


状态 164

  142 IL_Simple_Operator: "O" .

    $default  使用规则 142 以归约 (IL_Simple_Operator)


状态 165

  143 IL_Simple_Operator: "ON" .

    $default  使用规则 143 以归约 (IL_Simple_Operator)


状态 166

  144 IL_Simple_Operator: "X" .

    $default  使用规则 144 以归约 (IL_Simple_Operator)


状态 167

  145 IL_Simple_Operator: "XN" .

    $default  使用规则 145 以归约 (IL_Simple_Operator)


状态 168

  146 IL_Simple_Operator: "A(" .

    $default  使用规则 146 以归约 (IL_Simple_Operator)


状态 169

  147 IL_Simple_Operator: "AN(" .

    $default  使用规则 147 以归约 (IL_Simple_Operator)


状态 170

  148 IL_Simple_Operator: "O(" .

    $default  使用规则 148 以归约 (IL_Simple_Operator)


状态 171

  149 IL_Simple_Operator: "ON(" .

    $default  使用规则 149 以归约 (IL_Simple_Operator)


状态 172

  150 IL_Simple_Operator: "X(" .

    $default  使用规则 150 以归约 (IL_Simple_Operator)


状态 173

  151 IL_Simple_Operator: "XN(" .

    $default  使用规则 151 以归约 (IL_Simple_Operator)


状态 174

  152 IL_Simple_Operator: ")" .

    $default  使用规则 152 以归约 (IL_Simple_Operator)


状态 175

  153 IL_Simple_Operator: "=" .

    $default  使用规则 153 以归约 (IL_Simple_Operator)


状态 176

  109 IL_Simple_Operator: "+" .

    $default  使用规则 109 以归约 (IL_Simple_Operator)


状态 177

  110 IL_Simple_Operator: "+I" .

    $default  使用规则 110 以归约 (IL_Simple_Operator)


状态 178

  111 IL_Simple_Operator: "-I" .

    $default  使用规则 111 以归约 (IL_Simple_Operator)


状态 179

  112 IL_Simple_Operator: "*I" .

    $default  使用规则 112 以归约 (IL_Simple_Operator)


状态 180

  113 IL_Simple_Operator: "/I" .

    $default  使用规则 113 以归约 (IL_Simple_Operator)


状态 181

  114 IL_Simple_Operator: "==I" .

    $default  使用规则 114 以归约 (IL_Simple_Operator)


状态 182

  115 IL_Simple_Operator: "<>I" .

    $default  使用规则 115 以归约 (IL_Simple_Operator)


状态 183

  116 IL_Simple_Operator: ">I" .

    $default  使用规则 116 以归约 (IL_Simple_Operator)


状态 184

  117 IL_Simple_Operator: "<I" .

    $default  使用规则 117 以归约 (IL_Simple_Operator)


状态 185

  118 IL_Simple_Operator: ">=I" .

    $default  使用规则 118 以归约 (IL_Simple_Operator)


状态 186

  119 IL_Simple_Operator: "<=I" .

    $default  使用规则 119 以归约 (IL_Simple_Operator)


状态 187

  120 IL_Simple_Operator: "+R" .

    $default  使用规则 120 以归约 (IL_Simple_Operator)


状态 188

  121 IL_Simple_Operator: "-R" .

    $default  使用规则 121 以归约 (IL_Simple_Operator)


状态 189

  122 IL_Simple_Operator: "*R" .

    $default  使用规则 122 以归约 (IL_Simple_Operator)


状态 190

  123 IL_Simple_Operator: "/R" .

    $default  使用规则 123 以归约 (IL_Simple_Operator)


状态 191

  124 IL_Simple_Operator: "==R" .

    $default  使用规则 124 以归约 (IL_Simple_Operator)


状态 192

  125 IL_Simple_Operator: "<>R" .

    $default  使用规则 125 以归约 (IL_Simple_Operator)


状态 193

  126 IL_Simple_Operator: ">R" .

    $default  使用规则 126 以归约 (IL_Simple_Operator)


状态 194

  127 IL_Simple_Operator: "<R" .

    $default  使用规则 127 以归约 (IL_Simple_Operator)


状态 195

  128 IL_Simple_Operator: ">=R" .

    $default  使用规则 128 以归约 (IL_Simple_Operator)


状态 196

  129 IL_Simple_Operator: "<=R" .

    $default  使用规则 129 以归约 (IL_Simple_Operator)


状态 197

  130 IL_Simple_Operator: "+D" .

    $default  使用规则 130 以归约 (IL_Simple_Operator)


状态 198

  131 IL_Simple_Operator: "-D" .

    $default  使用规则 131 以归约 (IL_Simple_Operator)


状态 199

  132 IL_Simple_Operator: "*D" .

    $default  使用规则 132 以归约 (IL_Simple_Operator)


状态 200

  133 IL_Simple_Operator: "/D" .

    $default  使用规则 133 以归约 (IL_Simple_Operator)


状态 201

  134 IL_Simple_Operator: "==D" .

    $default  使用规则 134 以归约 (IL_Simple_Operator)


状态 202

  135 IL_Simple_Operator: "<>D" .

    $default  使用规则 135 以归约 (IL_Simple_Operator)


状态 203

  136 IL_Simple_Operator: ">D" .

    $default  使用规则 136 以归约 (IL_Simple_Operator)


状态 204

  137 IL_Simple_Operator: "<D" .

    $default  使用规则 137 以归约 (IL_Simple_Operator)


状态 205

  138 IL_Simple_Operator: ">=D" .

    $default  使用规则 138 以归约 (IL_Simple_Operator)


状态 206

  139 IL_Simple_Operator: "<=D" .

    $default  使用规则 139 以归约 (IL_Simple_Operator)


状态 207

  159 IL_Simple_Operator: "JU" .

    $default  使用规则 159 以归约 (IL_Simple_Operator)


状态 208

  160 IL_Simple_Operator: "JC" .

    $default  使用规则 160 以归约 (IL_Simple_Operator)


状态 209

  161 IL_Simple_Operator: "JCN" .

    $default  使用规则 161 以归约 (IL_Simple_Operator)


状态 210

   97 IL_Instruction: Opt_Label Instruction . ';'

    ';'  偏移，并进入状态 215


状态 211

  101 Instruction: IL_Simple_Operation .

    $default  使用规则 101 以归约 (Instruction)


状态 212

  103 IL_Simple_Operation: IL_Simple_Operator . Opt_Operand

    TOK_INT_LITERAL   偏移，并进入状态 124
    TOK_BOOL_LITERAL  偏移，并进入状态 125
    TOK_REAL_LITERAL  偏移，并进入状态 126
    TOK_IDENTIFIER    偏移，并进入状态 13
    '#'               偏移，并进入状态 216

    $default  使用规则 105 以归约 (Opt_Operand)

    Variable_Name    转到状态 217
    Opt_Operand      转到状态 218
    IL_Operand       转到状态 219
    Variable_Access  转到状态 220
    Constant         转到状态 221


状态 213

  102 Instruction: IL_Invocation .

    $default  使用规则 102 以归约 (Instruction)


状态 214

  169 IL_Invocation: Call . Callee_Name Opt_Data_Block Opt_Param_List

    TOK_IDENTIFIER  偏移，并进入状态 11

    Derived_Func_Name  转到状态 222
    Callee_Name        转到状态 223


状态 215

   97 IL_Instruction: Opt_Label Instruction ';' .

    $default  使用规则 97 以归约 (IL_Instruction)


状态 216

  164 Variable_Access: '#' . Variable_Name

    TOK_IDENTIFIER  偏移，并进入状态 13

    Variable_Name  转到状态 224


状态 217

  165 Variable_Access: Variable_Name .

    $default  使用规则 165 以归约 (Variable_Access)


状态 218

  103 IL_Simple_Operation: IL_Simple_Operator Opt_Operand .

    $default  使用规则 103 以归约 (IL_Simple_Operation)


状态 219

  104 Opt_Operand: IL_Operand .

    $default  使用规则 104 以归约 (Opt_Operand)


状态 220

  163 IL_Operand: Variable_Access .

    $default  使用规则 163 以归约 (IL_Operand)


状态 221

  162 IL_Operand: Constant .

    $default  使用规则 162 以归约 (IL_Operand)


状态 222

  171 Callee_Name: Derived_Func_Name .

    $default  使用规则 171 以归约 (Callee_Name)


状态 223

  169 IL_Invocation: Call Callee_Name . Opt_Data_Block Opt_Param_List

    ','  偏移，并进入状态 225

    $default  使用规则 178 以归约 (Opt_Data_Block)

    Opt_Data_Block  转到状态 226


状态 224

  164 Variable_Access: '#' Variable_Name .

    $default  使用规则 164 以归约 (Variable_Access)


状态 225

  177 Opt_Data_Block: ',' . Variable_Name

    TOK_IDENTIFIER  偏移，并进入状态 13

    Variable_Name  转到状态 227


状态 226

  169 IL_Invocation: Call Callee_Name Opt_Data_Block . Opt_Param_List

    '('  偏移，并进入状态 228

    $default  使用规则 173 以归约 (Opt_Param_List)

    Opt_Param_List  转到状态 229


状态 227

  177 Opt_Data_Block: ',' Variable_Name .

    $default  使用规则 177 以归约 (Opt_Data_Block)


状态 228

  172 Opt_Param_List: '(' . Oom_Param_Assignment ")"

    TOK_IDENTIFIER  偏移，并进入状态 13

    Variable_Name         转到状态 230
    Oom_Param_Assignment  转到状态 231
    Param_Assignment      转到状态 232


状态 229

  169 IL_Invocation: Call Callee_Name Opt_Data_Block Opt_Param_List .

    $default  使用规则 169 以归约 (IL_Invocation)


状态 230

  176 Param_Assignment: Variable_Name . ":=" IL_Operand

    ":="  偏移，并进入状态 233


状态 231

  172 Opt_Param_List: '(' Oom_Param_Assignment . ")"
  174 Oom_Param_Assignment: Oom_Param_Assignment . ',' Param_Assignment

    ")"  偏移，并进入状态 234
    ','  偏移，并进入状态 235


状态 232

  175 Oom_Param_Assignment: Param_Assignment .

    $default  使用规则 175 以归约 (Oom_Param_Assignment)


状态 233

  176 Param_Assignment: Variable_Name ":=" . IL_Operand

    TOK_INT_LITERAL   偏移，并进入状态 124
    TOK_BOOL_LITERAL  偏移，并进入状态 125
    TOK_REAL_LITERAL  偏移，并进入状态 126
    TOK_IDENTIFIER    偏移，并进入状态 13
    '#'               偏移，并进入状态 216

    Variable_Name    转到状态 217
    IL_Operand       转到状态 236
    Variable_Access  转到状态 220
    Constant         转到状态 221


状态 234

  172 Opt_Param_List: '(' Oom_Param_Assignment ")" .

    $default  使用规则 172 以归约 (Opt_Param_List)


状态 235

  174 Oom_Param_Assignment: Oom_Param_Assignment ',' . Param_Assignment

    TOK_IDENTIFIER  偏移，并进入状态 13

    Variable_Name     转到状态 230
    Param_Assignment  转到状态 237


状态 236

  176 Param_Assignment: Variable_Name ":=" IL_Operand .

    $default  使用规则 176 以归约 (Param_Assignment)


状态 237

  174 Oom_Param_Assignment: Oom_Param_Assignment ',' Param_Assignment .

    $default  使用规则 174 以归约 (Oom_Param_Assignment)
